!SESSION 2026-02-04 11:43:45.853 -----------------------------------------------
eclipse.buildId=unknown
java.version=21.0.9
java.vendor=Ubuntu
BootLoader constants: OS=linux, ARCH=x86_64, WS=gtk, NL=en_US
Framework arguments:  --pipe=/tmp/lsp-ff93e7816b9ec5809b0650c850288f5c.sock
Command-line arguments:  -data /home/merin_ann97/.codeoss/data/User/workspaceStorage/-6a1805e5/redhat.java/jdt_ws --pipe=/tmp/lsp-ff93e7816b9ec5809b0650c850288f5c.sock

!ENTRY org.eclipse.jdt.ls.core 1 0 2026-02-04 11:43:56.266
!MESSAGE class org.eclipse.jdt.ls.core.internal.JavaLanguageServerPlugin is started

!ENTRY org.eclipse.jdt.ls.core 1 0 2026-02-04 11:43:56.587
!MESSAGE Started org.eclipse.buildship.core 233ms

!ENTRY org.eclipse.jdt.ls.core 1 0 2026-02-04 11:43:56.588
!MESSAGE Started org.eclipse.m2e.core 1ms

!ENTRY org.eclipse.jdt.ls.core 1 0 2026-02-04 11:43:57.563
!MESSAGE Main thread is waiting

!ENTRY org.eclipse.jdt.ls.core 1 0 2026-02-04 11:43:58.461
!MESSAGE >> initialize

!ENTRY org.eclipse.jdt.ls.core 1 0 2026-02-04 11:43:58.479
!MESSAGE Initializing Java Language Server 1.53.0.202511140805

!ENTRY org.eclipse.jdt.ls.core 1 0 2026-02-04 11:43:59.910
!MESSAGE ProjectRegistryRefreshJob finished 3321ms

!ENTRY org.eclipse.jdt.ls.core 1 0 2026-02-04 11:44:00.232
!MESSAGE Setting /usr/lib/jvm/java-21-openjdk-amd64 as 'JavaSE-21' environment (id:1770205440115)

!ENTRY org.eclipse.jdt.ls.core 1 0 2026-02-04 11:44:00.250
!MESSAGE Setting /usr/lib/jvm/java-11-openjdk-amd64 as 'JavaSE-11' environment (id:1770205440239)

!ENTRY org.eclipse.jdt.ls.core 1 0 2026-02-04 11:44:00.264
!MESSAGE Setting /usr/lib/jvm/java-17-openjdk-amd64 as 'JavaSE-17' environment (id:1770205440252)

!ENTRY org.eclipse.jdt.ls.core 1 0 2026-02-04 11:44:00.267
!MESSAGE JVM Runtimes changed, saving new configuration

!ENTRY org.eclipse.jdt.ls.core 1 0 2026-02-04 11:44:00.305
!MESSAGE Installed reference:file:/google/devshell/editor/code-oss-for-cloud-shell/extensions/vscjava.vscode-java-debug/server/com.microsoft.java.debug.plugin-0.53.2.jar

!ENTRY org.eclipse.jdt.ls.core 1 0 2026-02-04 11:44:00.316
!MESSAGE Installed reference:file:/google/devshell/editor/code-oss-for-cloud-shell/extensions/vscjava.vscode-java-dependency/server/com.microsoft.jdtls.ext.core-0.24.1.jar

!ENTRY org.eclipse.jdt.ls.core 1 0 2026-02-04 11:44:00.325
!MESSAGE Installed reference:file:/google/devshell/editor/code-oss-for-cloud-shell/extensions/vscjava.vscode-java-test/server/junit-jupiter-api_5.11.0.jar

!ENTRY org.eclipse.jdt.ls.core 1 0 2026-02-04 11:44:00.337
!MESSAGE Installed reference:file:/google/devshell/editor/code-oss-for-cloud-shell/extensions/vscjava.vscode-java-test/server/junit-jupiter-engine_5.11.0.jar

!ENTRY org.eclipse.jdt.ls.core 1 0 2026-02-04 11:44:00.345
!MESSAGE Installed reference:file:/google/devshell/editor/code-oss-for-cloud-shell/extensions/vscjava.vscode-java-test/server/junit-jupiter-migrationsupport_5.11.0.jar

!ENTRY org.eclipse.jdt.ls.core 1 0 2026-02-04 11:44:00.356
!MESSAGE Installed reference:file:/google/devshell/editor/code-oss-for-cloud-shell/extensions/vscjava.vscode-java-test/server/junit-jupiter-params_5.11.0.jar

!ENTRY org.eclipse.jdt.ls.core 1 0 2026-02-04 11:44:00.366
!MESSAGE Installed reference:file:/google/devshell/editor/code-oss-for-cloud-shell/extensions/vscjava.vscode-java-test/server/junit-platform-commons_1.11.0.jar

!ENTRY org.eclipse.jdt.ls.core 1 0 2026-02-04 11:44:00.375
!MESSAGE Installed reference:file:/google/devshell/editor/code-oss-for-cloud-shell/extensions/vscjava.vscode-java-test/server/junit-platform-engine_1.11.0.jar

!ENTRY org.eclipse.jdt.ls.core 1 0 2026-02-04 11:44:00.403
!MESSAGE Installed reference:file:/google/devshell/editor/code-oss-for-cloud-shell/extensions/vscjava.vscode-java-test/server/junit-platform-launcher_1.11.0.jar

!ENTRY org.eclipse.jdt.ls.core 1 0 2026-02-04 11:44:00.411
!MESSAGE Installed reference:file:/google/devshell/editor/code-oss-for-cloud-shell/extensions/vscjava.vscode-java-test/server/junit-platform-runner_1.11.0.jar

!ENTRY org.eclipse.jdt.ls.core 1 0 2026-02-04 11:44:00.420
!MESSAGE Installed reference:file:/google/devshell/editor/code-oss-for-cloud-shell/extensions/vscjava.vscode-java-test/server/junit-platform-suite-api_1.11.0.jar

!ENTRY org.eclipse.jdt.ls.core 1 0 2026-02-04 11:44:00.431
!MESSAGE Installed reference:file:/google/devshell/editor/code-oss-for-cloud-shell/extensions/vscjava.vscode-java-test/server/junit-platform-suite-commons_1.11.0.jar

!ENTRY org.eclipse.jdt.ls.core 1 0 2026-02-04 11:44:00.437
!MESSAGE Installed reference:file:/google/devshell/editor/code-oss-for-cloud-shell/extensions/vscjava.vscode-java-test/server/junit-platform-suite-engine_1.11.0.jar

!ENTRY org.eclipse.jdt.ls.core 1 0 2026-02-04 11:44:00.453
!MESSAGE Installed reference:file:/google/devshell/editor/code-oss-for-cloud-shell/extensions/vscjava.vscode-java-test/server/junit-vintage-engine_5.11.0.jar

!ENTRY org.eclipse.jdt.ls.core 1 0 2026-02-04 11:44:00.462
!MESSAGE Installed reference:file:/google/devshell/editor/code-oss-for-cloud-shell/extensions/vscjava.vscode-java-test/server/org.apiguardian.api_1.1.2.jar

!ENTRY org.eclipse.jdt.ls.core 1 0 2026-02-04 11:44:00.479
!MESSAGE Installed reference:file:/google/devshell/editor/code-oss-for-cloud-shell/extensions/vscjava.vscode-java-test/server/org.eclipse.jdt.junit4.runtime_1.3.100.v20231214-1952.jar

!ENTRY org.eclipse.jdt.ls.core 1 0 2026-02-04 11:44:00.505
!MESSAGE Installed reference:file:/google/devshell/editor/code-oss-for-cloud-shell/extensions/vscjava.vscode-java-test/server/org.eclipse.jdt.junit5.runtime_1.1.300.v20231214-1952.jar

!ENTRY org.eclipse.jdt.ls.core 1 0 2026-02-04 11:44:00.522
!MESSAGE Installed reference:file:/google/devshell/editor/code-oss-for-cloud-shell/extensions/vscjava.vscode-java-test/server/org.opentest4j_1.3.0.jar

!ENTRY org.eclipse.jdt.ls.core 1 0 2026-02-04 11:44:00.543
!MESSAGE Installed reference:file:/google/devshell/editor/code-oss-for-cloud-shell/extensions/vscjava.vscode-java-test/server/org.jacoco.core_0.8.14.202510111229.jar

!ENTRY org.eclipse.jdt.ls.core 1 0 2026-02-04 11:44:00.564
!MESSAGE Installed reference:file:/google/devshell/editor/code-oss-for-cloud-shell/extensions/vscjava.vscode-java-test/server/com.microsoft.java.test.plugin-0.43.1.jar

!ENTRY org.eclipse.jdt.ls.core 1 0 2026-02-04 11:44:00.580
!MESSAGE Installed reference:file:/google/devshell/editor/code-oss-for-cloud-shell/extensions/vscjava.vscode-maven/jdtls.ext/com.microsoft.java.maven.plugin/target/com.microsoft.java.maven.plugin-0.39.0.jar

!ENTRY org.eclipse.jdt.ls.core 1 0 2026-02-04 11:44:00.675
!MESSAGE Started reference:file:/google/devshell/editor/code-oss-for-cloud-shell/extensions/vscjava.vscode-java-test/server/org.eclipse.jdt.junit4.runtime_1.3.100.v20231214-1952.jar

!ENTRY org.eclipse.jdt.ls.core 1 0 2026-02-04 11:44:00.708
!MESSAGE Started reference:file:/google/devshell/editor/code-oss-for-cloud-shell/extensions/vscjava.vscode-java-test/server/org.apiguardian.api_1.1.2.jar

!ENTRY org.eclipse.jdt.ls.core 1 0 2026-02-04 11:44:00.782
!MESSAGE Started reference:file:/google/devshell/editor/code-oss-for-cloud-shell/extensions/vscjava.vscode-java-test/server/junit-jupiter-engine_5.11.0.jar

!ENTRY org.eclipse.jdt.ls.core 1 0 2026-02-04 11:44:00.860
!MESSAGE Started reference:file:/google/devshell/editor/code-oss-for-cloud-shell/extensions/vscjava.vscode-maven/jdtls.ext/com.microsoft.java.maven.plugin/target/com.microsoft.java.maven.plugin-0.39.0.jar

!ENTRY org.eclipse.jdt.ls.core 1 0 2026-02-04 11:44:00.867
!MESSAGE Started reference:file:/google/devshell/editor/code-oss-for-cloud-shell/extensions/vscjava.vscode-java-test/server/junit-jupiter-api_5.11.0.jar

!ENTRY org.eclipse.jdt.ls.core 1 0 2026-02-04 11:44:00.886
!MESSAGE Started reference:file:/google/devshell/editor/code-oss-for-cloud-shell/extensions/vscjava.vscode-java-test/server/junit-platform-runner_1.11.0.jar

!ENTRY org.eclipse.jdt.ls.core 1 0 2026-02-04 11:44:00.895
!MESSAGE Started reference:file:/google/devshell/editor/code-oss-for-cloud-shell/extensions/vscjava.vscode-java-test/server/junit-vintage-engine_5.11.0.jar

!ENTRY org.eclipse.jdt.ls.core 1 0 2026-02-04 11:44:00.908
!MESSAGE Started reference:file:/google/devshell/editor/code-oss-for-cloud-shell/extensions/vscjava.vscode-java-test/server/junit-jupiter-params_5.11.0.jar

!ENTRY org.eclipse.jdt.ls.core 1 0 2026-02-04 11:44:00.910
!MESSAGE Started reference:file:/google/devshell/editor/code-oss-for-cloud-shell/extensions/vscjava.vscode-java-test/server/junit-platform-engine_1.11.0.jar

!ENTRY org.eclipse.jdt.ls.core 1 0 2026-02-04 11:44:00.913
!MESSAGE Started reference:file:/google/devshell/editor/code-oss-for-cloud-shell/extensions/vscjava.vscode-java-test/server/junit-platform-commons_1.11.0.jar

!ENTRY org.eclipse.jdt.ls.core 1 0 2026-02-04 11:44:00.914
!MESSAGE Started reference:file:/google/devshell/editor/code-oss-for-cloud-shell/extensions/vscjava.vscode-java-test/server/junit-platform-launcher_1.11.0.jar

!ENTRY org.eclipse.jdt.ls.core 1 0 2026-02-04 11:44:00.916
!MESSAGE Started reference:file:/google/devshell/editor/code-oss-for-cloud-shell/extensions/vscjava.vscode-java-test/server/junit-platform-suite-commons_1.11.0.jar

!ENTRY org.eclipse.jdt.ls.core 1 0 2026-02-04 11:44:00.924
!MESSAGE Started reference:file:/google/devshell/editor/code-oss-for-cloud-shell/extensions/vscjava.vscode-java-test/server/junit-jupiter-migrationsupport_5.11.0.jar

!ENTRY org.eclipse.jdt.ls.core 1 0 2026-02-04 11:44:00.975
!MESSAGE Started reference:file:/google/devshell/editor/code-oss-for-cloud-shell/extensions/vscjava.vscode-java-debug/server/com.microsoft.java.debug.plugin-0.53.2.jar

!ENTRY org.eclipse.jdt.ls.core 1 0 2026-02-04 11:44:01.028
!MESSAGE Started reference:file:/google/devshell/editor/code-oss-for-cloud-shell/extensions/vscjava.vscode-java-dependency/server/com.microsoft.jdtls.ext.core-0.24.1.jar

!ENTRY org.eclipse.jdt.ls.core 1 0 2026-02-04 11:44:01.038
!MESSAGE Started reference:file:/google/devshell/editor/code-oss-for-cloud-shell/extensions/vscjava.vscode-java-test/server/org.jacoco.core_0.8.14.202510111229.jar

!ENTRY org.eclipse.jdt.ls.core 1 0 2026-02-04 11:44:01.053
!MESSAGE Started reference:file:/google/devshell/editor/code-oss-for-cloud-shell/extensions/vscjava.vscode-java-test/server/org.eclipse.jdt.junit5.runtime_1.1.300.v20231214-1952.jar

!ENTRY org.eclipse.jdt.ls.core 1 0 2026-02-04 11:44:01.059
!MESSAGE Started reference:file:/google/devshell/editor/code-oss-for-cloud-shell/extensions/vscjava.vscode-java-test/server/junit-platform-suite-api_1.11.0.jar

!ENTRY org.eclipse.jdt.ls.core 1 0 2026-02-04 11:44:01.064
!MESSAGE Started reference:file:/google/devshell/editor/code-oss-for-cloud-shell/extensions/vscjava.vscode-java-test/server/junit-platform-suite-engine_1.11.0.jar

!ENTRY org.eclipse.jdt.ls.core 1 0 2026-02-04 11:44:01.066
!MESSAGE Started reference:file:/google/devshell/editor/code-oss-for-cloud-shell/extensions/vscjava.vscode-java-test/server/org.opentest4j_1.3.0.jar

!ENTRY org.eclipse.jdt.ls.core 1 0 2026-02-04 11:44:01.121
!MESSAGE Started reference:file:/google/devshell/editor/code-oss-for-cloud-shell/extensions/vscjava.vscode-java-test/server/com.microsoft.java.test.plugin-0.43.1.jar

!ENTRY org.eclipse.jdt.ls.core 1 0 2026-02-04 11:44:01.137
!MESSAGE Static Commands: []

!ENTRY org.eclipse.jdt.ls.core 1 0 2026-02-04 11:44:01.137
!MESSAGE Non-Static Commands: [java.project.import, java.project.changeImportedProjects, java.navigate.openTypeHierarchy, java.project.resolveStackTraceLocation, java.edit.handlePasteEvent, java.edit.stringFormatting, java.project.getSettings, java.project.resolveWorkspaceSymbol, java.project.upgradeGradle, java.project.createModuleInfo, java.vm.getAllInstalls, java.edit.organizeImports, java.project.refreshDiagnostics, java.project.removeFromSourcePath, java.project.listSourcePaths, java.project.updateSettings, java.project.getAll, java.reloadBundles, java.project.isTestFile, java.project.resolveText, java.project.getClasspaths, java.navigate.resolveTypeHierarchy, java.getTroubleshootingInfo, java.edit.smartSemicolonDetection, java.project.updateSourceAttachment, java.project.updateClassPaths, java.decompile, java.protobuf.generateSources, java.project.resolveSourceAttachment, java.project.updateJdk, java.project.addToSourcePath, java.completion.onDidSelect]

!ENTRY org.eclipse.jdt.ls.core 1 0 2026-02-04 11:44:01.138
!MESSAGE Static Commands: []

!ENTRY org.eclipse.jdt.ls.core 1 0 2026-02-04 11:44:01.138
!MESSAGE Non-Static Commands: [java.maven.initializeSearcher, java.maven.searchArtifact, java.maven.addDependency, java.maven.controlContext]

!ENTRY org.eclipse.jdt.ls.core 1 0 2026-02-04 11:44:01.138
!MESSAGE Static Commands: []

!ENTRY org.eclipse.jdt.ls.core 1 0 2026-02-04 11:44:01.140
!MESSAGE Non-Static Commands: [vscode.java.checkProjectSettings, vscode.java.isOnClasspath, vscode.java.fetchUsageData, vscode.java.validateLaunchConfig, vscode.java.resolveInlineVariables, vscode.java.resolveClassFilters, vscode.java.resolveMainMethod, vscode.java.resolveClasspath, vscode.java.resolveBuildFiles, vscode.java.resolveMainClass, vscode.java.updateDebugSettings, vscode.java.resolveSourceUri, vscode.java.fetchPlatformSettings, vscode.java.buildWorkspace, vscode.java.startDebugSession, vscode.java.inferLaunchCommandLength, vscode.java.resolveElementAtSelection, vscode.java.resolveJavaExecutable]

!ENTRY org.eclipse.jdt.ls.core 1 0 2026-02-04 11:44:01.140
!MESSAGE Static Commands: []

!ENTRY org.eclipse.jdt.ls.core 1 0 2026-02-04 11:44:01.141
!MESSAGE Non-Static Commands: [java.project.refreshLib, java.project.checkImportStatus, java.project.list, java.project.generateJar, java.project.getMainClasses, java.project.getImportClassContent, java.getPackageData, java.project.getDependencies, java.resolvePath]

!ENTRY org.eclipse.jdt.ls.core 1 0 2026-02-04 11:44:01.141
!MESSAGE Static Commands: []

!ENTRY org.eclipse.jdt.ls.core 1 0 2026-02-04 11:44:01.141
!MESSAGE Non-Static Commands: [vscode.java.test.jacoco.getCoverageDetail, vscode.java.test.findJavaProjects, vscode.java.test.findTestPackagesAndTypes, vscode.java.test.findTestTypesAndMethods, vscode.java.test.resolvePath, vscode.java.test.findTestLocation, vscode.java.test.get.testpath, vscode.java.test.findDirectTestChildrenForClass, vscode.java.test.navigateToTestOrTarget, vscode.java.test.junit.argument, vscode.java.test.generateTests]

!ENTRY org.eclipse.jdt.ls.core 1 0 2026-02-04 11:44:01.195
!MESSAGE RepositoryRegistryUpdateJob finished 5ms

!ENTRY org.eclipse.jdt.ls.core 1 0 2026-02-04 11:44:01.361
!MESSAGE Importing Maven project(s)

!ENTRY org.eclipse.jdt.ls.core 1 0 2026-02-04 11:44:06.326
!MESSAGE >> initialized

!ENTRY org.eclipse.jdt.ls.core 1 0 2026-02-04 11:44:20.990
!MESSAGE Workspace initialized in 19800ms

!ENTRY org.eclipse.jdt.ls.core 1 0 2026-02-04 11:44:21.013
!MESSAGE >> initialization job finished

!ENTRY org.eclipse.jdt.core 4 4 2026-02-04 11:44:21.737
!MESSAGE JavaBuilder handling CoreException while building: demo
!STACK 1
org.eclipse.core.runtime.CoreException: release 22 is not found in the system
	at org.eclipse.jdt.internal.core.builder.ClasspathJrtWithReleaseOption.<init>(ClasspathJrtWithReleaseOption.java:90)
	at org.eclipse.jdt.internal.core.builder.ClasspathLocation.forJrtSystem(ClasspathLocation.java:175)
	at org.eclipse.jdt.internal.core.builder.NameEnvironment.computeClasspathLocations(NameEnvironment.java:372)
	at org.eclipse.jdt.internal.core.builder.NameEnvironment.<init>(NameEnvironment.java:82)
	at org.eclipse.jdt.internal.core.builder.JavaBuilder.initializeBuilder(JavaBuilder.java:692)
	at org.eclipse.jdt.internal.core.builder.JavaBuilder.build(JavaBuilder.java:211)
	at org.eclipse.core.internal.events.BuildManager$2.run(BuildManager.java:1109)
	at org.eclipse.core.runtime.SafeRunner.run(SafeRunner.java:47)
	at org.eclipse.core.internal.events.BuildManager.basicBuild(BuildManager.java:299)
	at org.eclipse.core.internal.events.BuildManager.basicBuild(BuildManager.java:355)
	at org.eclipse.core.internal.events.BuildManager$1.run(BuildManager.java:449)
	at org.eclipse.core.runtime.SafeRunner.run(SafeRunner.java:47)
	at org.eclipse.core.internal.events.BuildManager.basicBuild(BuildManager.java:452)
	at org.eclipse.core.internal.events.BuildManager.basicBuildLoop(BuildManager.java:564)
	at org.eclipse.core.internal.events.BuildManager.basicBuildLoop(BuildManager.java:512)
	at org.eclipse.core.internal.events.BuildManager.build(BuildManager.java:594)
	at org.eclipse.core.internal.events.AutoBuildJob.doBuild(AutoBuildJob.java:208)
	at org.eclipse.core.internal.events.AutoBuildJob.run(AutoBuildJob.java:309)
	at org.eclipse.core.internal.jobs.Worker.run(Worker.java:63)
Caused by: java.lang.IllegalArgumentException: release 22 is not found in the system
	at org.eclipse.jdt.internal.core.builder.ClasspathJrtWithReleaseOption.<init>(ClasspathJrtWithReleaseOption.java:89)
	... 18 more
!SUBENTRY 1 org.eclipse.jdt.core 4 0 2026-02-04 11:44:21.738
!MESSAGE release 22 is not found in the system
!STACK 0
java.lang.IllegalArgumentException: release 22 is not found in the system
	at org.eclipse.jdt.internal.core.builder.ClasspathJrtWithReleaseOption.<init>(ClasspathJrtWithReleaseOption.java:89)
	at org.eclipse.jdt.internal.core.builder.ClasspathLocation.forJrtSystem(ClasspathLocation.java:175)
	at org.eclipse.jdt.internal.core.builder.NameEnvironment.computeClasspathLocations(NameEnvironment.java:372)
	at org.eclipse.jdt.internal.core.builder.NameEnvironment.<init>(NameEnvironment.java:82)
	at org.eclipse.jdt.internal.core.builder.JavaBuilder.initializeBuilder(JavaBuilder.java:692)
	at org.eclipse.jdt.internal.core.builder.JavaBuilder.build(JavaBuilder.java:211)
	at org.eclipse.core.internal.events.BuildManager$2.run(BuildManager.java:1109)
	at org.eclipse.core.runtime.SafeRunner.run(SafeRunner.java:47)
	at org.eclipse.core.internal.events.BuildManager.basicBuild(BuildManager.java:299)
	at org.eclipse.core.internal.events.BuildManager.basicBuild(BuildManager.java:355)
	at org.eclipse.core.internal.events.BuildManager$1.run(BuildManager.java:449)
	at org.eclipse.core.runtime.SafeRunner.run(SafeRunner.java:47)
	at org.eclipse.core.internal.events.BuildManager.basicBuild(BuildManager.java:452)
	at org.eclipse.core.internal.events.BuildManager.basicBuildLoop(BuildManager.java:564)
	at org.eclipse.core.internal.events.BuildManager.basicBuildLoop(BuildManager.java:512)
	at org.eclipse.core.internal.events.BuildManager.build(BuildManager.java:594)
	at org.eclipse.core.internal.events.AutoBuildJob.doBuild(AutoBuildJob.java:208)
	at org.eclipse.core.internal.events.AutoBuildJob.run(AutoBuildJob.java:309)
	at org.eclipse.core.internal.jobs.Worker.run(Worker.java:63)

!ENTRY org.eclipse.jdt.ls.core 1 0 2026-02-04 11:44:24.540
!MESSAGE >> build jobs finished

!ENTRY org.eclipse.jdt.ls.core 1 0 2026-02-04 11:44:24.545
!MESSAGE >> registerWatchers'

!ENTRY org.eclipse.jdt.ls.core 1 0 2026-02-04 11:44:24.558
!MESSAGE >> registerFeature 'workspace/didChangeWatchedFiles'

!ENTRY org.eclipse.jdt.core 4 4 2026-02-04 11:44:25.322
!MESSAGE JavaBuilder handling CoreException while building: demo
!STACK 1
org.eclipse.core.runtime.CoreException: release 22 is not found in the system
	at org.eclipse.jdt.internal.core.builder.ClasspathJrtWithReleaseOption.<init>(ClasspathJrtWithReleaseOption.java:90)
	at org.eclipse.jdt.internal.core.builder.ClasspathLocation.forJrtSystem(ClasspathLocation.java:175)
	at org.eclipse.jdt.internal.core.builder.NameEnvironment.computeClasspathLocations(NameEnvironment.java:372)
	at org.eclipse.jdt.internal.core.builder.NameEnvironment.<init>(NameEnvironment.java:82)
	at org.eclipse.jdt.internal.core.builder.JavaBuilder.initializeBuilder(JavaBuilder.java:692)
	at org.eclipse.jdt.internal.core.builder.JavaBuilder.build(JavaBuilder.java:211)
	at org.eclipse.core.internal.events.BuildManager$2.run(BuildManager.java:1109)
	at org.eclipse.core.runtime.SafeRunner.run(SafeRunner.java:47)
	at org.eclipse.core.internal.events.BuildManager.basicBuild(BuildManager.java:299)
	at org.eclipse.core.internal.events.BuildManager.basicBuild(BuildManager.java:355)
	at org.eclipse.core.internal.events.BuildManager$1.run(BuildManager.java:449)
	at org.eclipse.core.runtime.SafeRunner.run(SafeRunner.java:47)
	at org.eclipse.core.internal.events.BuildManager.basicBuild(BuildManager.java:452)
	at org.eclipse.core.internal.events.BuildManager.basicBuildLoop(BuildManager.java:564)
	at org.eclipse.core.internal.events.BuildManager.basicBuildLoop(BuildManager.java:512)
	at org.eclipse.core.internal.events.BuildManager.build(BuildManager.java:594)
	at org.eclipse.core.internal.events.AutoBuildJob.doBuild(AutoBuildJob.java:208)
	at org.eclipse.core.internal.events.AutoBuildJob.run(AutoBuildJob.java:309)
	at org.eclipse.core.internal.jobs.Worker.run(Worker.java:63)
Caused by: java.lang.IllegalArgumentException: release 22 is not found in the system
	at org.eclipse.jdt.internal.core.builder.ClasspathJrtWithReleaseOption.<init>(ClasspathJrtWithReleaseOption.java:89)
	... 18 more
!SUBENTRY 1 org.eclipse.jdt.core 4 0 2026-02-04 11:44:25.322
!MESSAGE release 22 is not found in the system
!STACK 0
java.lang.IllegalArgumentException: release 22 is not found in the system
	at org.eclipse.jdt.internal.core.builder.ClasspathJrtWithReleaseOption.<init>(ClasspathJrtWithReleaseOption.java:89)
	at org.eclipse.jdt.internal.core.builder.ClasspathLocation.forJrtSystem(ClasspathLocation.java:175)
	at org.eclipse.jdt.internal.core.builder.NameEnvironment.computeClasspathLocations(NameEnvironment.java:372)
	at org.eclipse.jdt.internal.core.builder.NameEnvironment.<init>(NameEnvironment.java:82)
	at org.eclipse.jdt.internal.core.builder.JavaBuilder.initializeBuilder(JavaBuilder.java:692)
	at org.eclipse.jdt.internal.core.builder.JavaBuilder.build(JavaBuilder.java:211)
	at org.eclipse.core.internal.events.BuildManager$2.run(BuildManager.java:1109)
	at org.eclipse.core.runtime.SafeRunner.run(SafeRunner.java:47)
	at org.eclipse.core.internal.events.BuildManager.basicBuild(BuildManager.java:299)
	at org.eclipse.core.internal.events.BuildManager.basicBuild(BuildManager.java:355)
	at org.eclipse.core.internal.events.BuildManager$1.run(BuildManager.java:449)
	at org.eclipse.core.runtime.SafeRunner.run(SafeRunner.java:47)
	at org.eclipse.core.internal.events.BuildManager.basicBuild(BuildManager.java:452)
	at org.eclipse.core.internal.events.BuildManager.basicBuildLoop(BuildManager.java:564)
	at org.eclipse.core.internal.events.BuildManager.basicBuildLoop(BuildManager.java:512)
	at org.eclipse.core.internal.events.BuildManager.build(BuildManager.java:594)
	at org.eclipse.core.internal.events.AutoBuildJob.doBuild(AutoBuildJob.java:208)
	at org.eclipse.core.internal.events.AutoBuildJob.run(AutoBuildJob.java:309)
	at org.eclipse.core.internal.jobs.Worker.run(Worker.java:63)

!ENTRY org.eclipse.jdt.ls.core 1 0 2026-02-04 12:08:46.099
!MESSAGE >> shutdown

!ENTRY org.eclipse.jdt.ls.core 1 0 2026-02-04 12:08:46.179
!MESSAGE >> exit

!ENTRY org.eclipse.jdt.ls.core 1 0 2026-02-04 12:08:46.329
!MESSAGE Shutdown received... waking up main thread

!ENTRY org.eclipse.jdt.ls.core 1 0 2026-02-04 12:08:46.347
!MESSAGE class org.eclipse.jdt.ls.core.internal.JavaLanguageServerPlugin is stopping:
!SESSION 2026-02-04 12:35:12.517 -----------------------------------------------
eclipse.buildId=unknown
java.version=21.0.9
java.vendor=Ubuntu
BootLoader constants: OS=linux, ARCH=x86_64, WS=gtk, NL=en_US
Framework arguments:  --pipe=/tmp/lsp-6ca0a16c2d471872a6ac4de8db344825.sock
Command-line arguments:  -data /home/merin_ann97/.codeoss/data/User/workspaceStorage/-6a1805e5/redhat.java/jdt_ws --pipe=/tmp/lsp-6ca0a16c2d471872a6ac4de8db344825.sock

!ENTRY org.eclipse.jdt.ls.core 1 0 2026-02-04 12:35:23.136
!MESSAGE class org.eclipse.jdt.ls.core.internal.JavaLanguageServerPlugin is started

!ENTRY org.eclipse.jdt.ls.core 1 0 2026-02-04 12:35:23.416
!MESSAGE Started org.eclipse.buildship.core 232ms

!ENTRY org.eclipse.jdt.ls.core 1 0 2026-02-04 12:35:23.417
!MESSAGE Started org.eclipse.m2e.core 0ms

!ENTRY org.eclipse.jdt.ls.core 1 0 2026-02-04 12:35:23.433
!MESSAGE ProjectRegistryRefreshJob finished 1ms

!ENTRY org.eclipse.jdt.ls.core 1 0 2026-02-04 12:35:23.930
!MESSAGE Main thread is waiting

!ENTRY org.eclipse.jdt.ls.core 1 0 2026-02-04 12:35:26.562
!MESSAGE >> initialize

!ENTRY org.eclipse.jdt.ls.core 1 0 2026-02-04 12:35:26.570
!MESSAGE Initializing Java Language Server 1.53.0.202511140805

!ENTRY org.eclipse.jdt.ls.core 1 0 2026-02-04 12:35:26.923
!MESSAGE Static Commands: []

!ENTRY org.eclipse.jdt.ls.core 1 0 2026-02-04 12:35:26.932
!MESSAGE Non-Static Commands: [java.project.import, java.project.changeImportedProjects, java.navigate.openTypeHierarchy, java.project.resolveStackTraceLocation, java.edit.handlePasteEvent, java.edit.stringFormatting, java.project.getSettings, java.project.resolveWorkspaceSymbol, java.project.upgradeGradle, java.project.createModuleInfo, java.vm.getAllInstalls, java.edit.organizeImports, java.project.refreshDiagnostics, java.project.removeFromSourcePath, java.project.listSourcePaths, java.project.updateSettings, java.project.getAll, java.reloadBundles, java.project.isTestFile, java.project.resolveText, java.project.getClasspaths, java.navigate.resolveTypeHierarchy, java.getTroubleshootingInfo, java.edit.smartSemicolonDetection, java.project.updateSourceAttachment, java.project.updateClassPaths, java.decompile, java.protobuf.generateSources, java.project.resolveSourceAttachment, java.project.updateJdk, java.project.addToSourcePath, java.completion.onDidSelect]

!ENTRY org.eclipse.jdt.ls.core 1 0 2026-02-04 12:35:26.933
!MESSAGE Static Commands: []

!ENTRY org.eclipse.jdt.ls.core 1 0 2026-02-04 12:35:26.942
!MESSAGE Non-Static Commands: [java.maven.initializeSearcher, java.maven.searchArtifact, java.maven.addDependency, java.maven.controlContext]

!ENTRY org.eclipse.jdt.ls.core 1 0 2026-02-04 12:35:26.943
!MESSAGE Static Commands: []

!ENTRY org.eclipse.jdt.ls.core 1 0 2026-02-04 12:35:26.943
!MESSAGE Non-Static Commands: [vscode.java.checkProjectSettings, vscode.java.isOnClasspath, vscode.java.fetchUsageData, vscode.java.validateLaunchConfig, vscode.java.resolveInlineVariables, vscode.java.resolveClassFilters, vscode.java.resolveMainMethod, vscode.java.resolveClasspath, vscode.java.resolveBuildFiles, vscode.java.resolveMainClass, vscode.java.updateDebugSettings, vscode.java.resolveSourceUri, vscode.java.fetchPlatformSettings, vscode.java.buildWorkspace, vscode.java.startDebugSession, vscode.java.inferLaunchCommandLength, vscode.java.resolveElementAtSelection, vscode.java.resolveJavaExecutable]

!ENTRY org.eclipse.jdt.ls.core 1 0 2026-02-04 12:35:26.951
!MESSAGE Static Commands: []

!ENTRY org.eclipse.jdt.ls.core 1 0 2026-02-04 12:35:26.954
!MESSAGE Non-Static Commands: [java.project.refreshLib, java.project.checkImportStatus, java.project.list, java.project.generateJar, java.project.getMainClasses, java.project.getImportClassContent, java.getPackageData, java.project.getDependencies, java.resolvePath]

!ENTRY org.eclipse.jdt.ls.core 1 0 2026-02-04 12:35:26.955
!MESSAGE Static Commands: []

!ENTRY org.eclipse.jdt.ls.core 1 0 2026-02-04 12:35:26.955
!MESSAGE Non-Static Commands: [vscode.java.test.jacoco.getCoverageDetail, vscode.java.test.findJavaProjects, vscode.java.test.findTestPackagesAndTypes, vscode.java.test.findTestTypesAndMethods, vscode.java.test.resolvePath, vscode.java.test.findTestLocation, vscode.java.test.get.testpath, vscode.java.test.findDirectTestChildrenForClass, vscode.java.test.navigateToTestOrTarget, vscode.java.test.junit.argument, vscode.java.test.generateTests]

!ENTRY org.eclipse.jdt.ls.core 1 0 2026-02-04 12:35:27.076
!MESSAGE RepositoryRegistryUpdateJob finished 28ms

!ENTRY org.eclipse.jdt.ls.core 1 0 2026-02-04 12:35:27.383
!MESSAGE Importing Maven project(s)

!ENTRY org.eclipse.jdt.ls.core 1 0 2026-02-04 12:35:28.152
!MESSAGE >> initialized

!ENTRY org.eclipse.jdt.ls.core 1 0 2026-02-04 12:35:28.204
!MESSAGE Workspace initialized in 1153ms

!ENTRY org.eclipse.jdt.ls.core 1 0 2026-02-04 12:35:28.231
!MESSAGE >> initialization job finished

!ENTRY org.eclipse.jdt.ls.core 1 0 2026-02-04 12:35:28.440
!MESSAGE >> build jobs finished

!ENTRY org.eclipse.jdt.ls.core 1 0 2026-02-04 12:35:28.440
!MESSAGE >> registerWatchers'

!ENTRY org.eclipse.jdt.ls.core 1 0 2026-02-04 12:35:28.455
!MESSAGE >> registerFeature 'workspace/didChangeWatchedFiles'

!ENTRY org.eclipse.jdt.core 4 4 2026-02-04 12:35:34.352
!MESSAGE JavaBuilder handling CoreException while building: demo
!STACK 1
org.eclipse.core.runtime.CoreException: release 22 is not found in the system
	at org.eclipse.jdt.internal.core.builder.ClasspathJrtWithReleaseOption.<init>(ClasspathJrtWithReleaseOption.java:90)
	at org.eclipse.jdt.internal.core.builder.ClasspathLocation.forJrtSystem(ClasspathLocation.java:175)
	at org.eclipse.jdt.internal.core.builder.NameEnvironment.computeClasspathLocations(NameEnvironment.java:372)
	at org.eclipse.jdt.internal.core.builder.NameEnvironment.<init>(NameEnvironment.java:82)
	at org.eclipse.jdt.internal.core.builder.JavaBuilder.initializeBuilder(JavaBuilder.java:692)
	at org.eclipse.jdt.internal.core.builder.JavaBuilder.build(JavaBuilder.java:211)
	at org.eclipse.core.internal.events.BuildManager$2.run(BuildManager.java:1109)
	at org.eclipse.core.runtime.SafeRunner.run(SafeRunner.java:47)
	at org.eclipse.core.internal.events.BuildManager.basicBuild(BuildManager.java:299)
	at org.eclipse.core.internal.events.BuildManager.basicBuild(BuildManager.java:355)
	at org.eclipse.core.internal.events.BuildManager$1.run(BuildManager.java:449)
	at org.eclipse.core.runtime.SafeRunner.run(SafeRunner.java:47)
	at org.eclipse.core.internal.events.BuildManager.basicBuild(BuildManager.java:452)
	at org.eclipse.core.internal.events.BuildManager.basicBuildLoop(BuildManager.java:564)
	at org.eclipse.core.internal.events.BuildManager.basicBuildLoop(BuildManager.java:512)
	at org.eclipse.core.internal.events.BuildManager.build(BuildManager.java:594)
	at org.eclipse.core.internal.events.AutoBuildJob.doBuild(AutoBuildJob.java:208)
	at org.eclipse.core.internal.events.AutoBuildJob.run(AutoBuildJob.java:309)
	at org.eclipse.core.internal.jobs.Worker.run(Worker.java:63)
Caused by: java.lang.IllegalArgumentException: release 22 is not found in the system
	at org.eclipse.jdt.internal.core.builder.ClasspathJrtWithReleaseOption.<init>(ClasspathJrtWithReleaseOption.java:89)
	... 18 more
!SUBENTRY 1 org.eclipse.jdt.core 4 0 2026-02-04 12:35:34.357
!MESSAGE release 22 is not found in the system
!STACK 0
java.lang.IllegalArgumentException: release 22 is not found in the system
	at org.eclipse.jdt.internal.core.builder.ClasspathJrtWithReleaseOption.<init>(ClasspathJrtWithReleaseOption.java:89)
	at org.eclipse.jdt.internal.core.builder.ClasspathLocation.forJrtSystem(ClasspathLocation.java:175)
	at org.eclipse.jdt.internal.core.builder.NameEnvironment.computeClasspathLocations(NameEnvironment.java:372)
	at org.eclipse.jdt.internal.core.builder.NameEnvironment.<init>(NameEnvironment.java:82)
	at org.eclipse.jdt.internal.core.builder.JavaBuilder.initializeBuilder(JavaBuilder.java:692)
	at org.eclipse.jdt.internal.core.builder.JavaBuilder.build(JavaBuilder.java:211)
	at org.eclipse.core.internal.events.BuildManager$2.run(BuildManager.java:1109)
	at org.eclipse.core.runtime.SafeRunner.run(SafeRunner.java:47)
	at org.eclipse.core.internal.events.BuildManager.basicBuild(BuildManager.java:299)
	at org.eclipse.core.internal.events.BuildManager.basicBuild(BuildManager.java:355)
	at org.eclipse.core.internal.events.BuildManager$1.run(BuildManager.java:449)
	at org.eclipse.core.runtime.SafeRunner.run(SafeRunner.java:47)
	at org.eclipse.core.internal.events.BuildManager.basicBuild(BuildManager.java:452)
	at org.eclipse.core.internal.events.BuildManager.basicBuildLoop(BuildManager.java:564)
	at org.eclipse.core.internal.events.BuildManager.basicBuildLoop(BuildManager.java:512)
	at org.eclipse.core.internal.events.BuildManager.build(BuildManager.java:594)
	at org.eclipse.core.internal.events.AutoBuildJob.doBuild(AutoBuildJob.java:208)
	at org.eclipse.core.internal.events.AutoBuildJob.run(AutoBuildJob.java:309)
	at org.eclipse.core.internal.jobs.Worker.run(Worker.java:63)

!ENTRY org.eclipse.jdt.core 4 4 2026-02-04 12:40:34.059
!MESSAGE JavaBuilder handling CoreException while building: demo
!STACK 1
org.eclipse.core.runtime.CoreException: release 22 is not found in the system
	at org.eclipse.jdt.internal.core.builder.ClasspathJrtWithReleaseOption.<init>(ClasspathJrtWithReleaseOption.java:90)
	at org.eclipse.jdt.internal.core.builder.ClasspathLocation.forJrtSystem(ClasspathLocation.java:175)
	at org.eclipse.jdt.internal.core.builder.NameEnvironment.computeClasspathLocations(NameEnvironment.java:372)
	at org.eclipse.jdt.internal.core.builder.NameEnvironment.<init>(NameEnvironment.java:82)
	at org.eclipse.jdt.internal.core.builder.JavaBuilder.initializeBuilder(JavaBuilder.java:692)
	at org.eclipse.jdt.internal.core.builder.JavaBuilder.build(JavaBuilder.java:211)
	at org.eclipse.core.internal.events.BuildManager$2.run(BuildManager.java:1109)
	at org.eclipse.core.runtime.SafeRunner.run(SafeRunner.java:47)
	at org.eclipse.core.internal.events.BuildManager.basicBuild(BuildManager.java:299)
	at org.eclipse.core.internal.events.BuildManager.basicBuild(BuildManager.java:355)
	at org.eclipse.core.internal.events.BuildManager$1.run(BuildManager.java:449)
	at org.eclipse.core.runtime.SafeRunner.run(SafeRunner.java:47)
	at org.eclipse.core.internal.events.BuildManager.basicBuild(BuildManager.java:452)
	at org.eclipse.core.internal.events.BuildManager.basicBuildLoop(BuildManager.java:564)
	at org.eclipse.core.internal.events.BuildManager.basicBuildLoop(BuildManager.java:512)
	at org.eclipse.core.internal.events.BuildManager.build(BuildManager.java:594)
	at org.eclipse.core.internal.events.AutoBuildJob.doBuild(AutoBuildJob.java:208)
	at org.eclipse.core.internal.events.AutoBuildJob.run(AutoBuildJob.java:309)
	at org.eclipse.core.internal.jobs.Worker.run(Worker.java:63)
Caused by: java.lang.IllegalArgumentException: release 22 is not found in the system
	at org.eclipse.jdt.internal.core.builder.ClasspathJrtWithReleaseOption.<init>(ClasspathJrtWithReleaseOption.java:89)
	... 18 more
!SUBENTRY 1 org.eclipse.jdt.core 4 0 2026-02-04 12:40:34.059
!MESSAGE release 22 is not found in the system
!STACK 0
java.lang.IllegalArgumentException: release 22 is not found in the system
	at org.eclipse.jdt.internal.core.builder.ClasspathJrtWithReleaseOption.<init>(ClasspathJrtWithReleaseOption.java:89)
	at org.eclipse.jdt.internal.core.builder.ClasspathLocation.forJrtSystem(ClasspathLocation.java:175)
	at org.eclipse.jdt.internal.core.builder.NameEnvironment.computeClasspathLocations(NameEnvironment.java:372)
	at org.eclipse.jdt.internal.core.builder.NameEnvironment.<init>(NameEnvironment.java:82)
	at org.eclipse.jdt.internal.core.builder.JavaBuilder.initializeBuilder(JavaBuilder.java:692)
	at org.eclipse.jdt.internal.core.builder.JavaBuilder.build(JavaBuilder.java:211)
	at org.eclipse.core.internal.events.BuildManager$2.run(BuildManager.java:1109)
	at org.eclipse.core.runtime.SafeRunner.run(SafeRunner.java:47)
	at org.eclipse.core.internal.events.BuildManager.basicBuild(BuildManager.java:299)
	at org.eclipse.core.internal.events.BuildManager.basicBuild(BuildManager.java:355)
	at org.eclipse.core.internal.events.BuildManager$1.run(BuildManager.java:449)
	at org.eclipse.core.runtime.SafeRunner.run(SafeRunner.java:47)
	at org.eclipse.core.internal.events.BuildManager.basicBuild(BuildManager.java:452)
	at org.eclipse.core.internal.events.BuildManager.basicBuildLoop(BuildManager.java:564)
	at org.eclipse.core.internal.events.BuildManager.basicBuildLoop(BuildManager.java:512)
	at org.eclipse.core.internal.events.BuildManager.build(BuildManager.java:594)
	at org.eclipse.core.internal.events.AutoBuildJob.doBuild(AutoBuildJob.java:208)
	at org.eclipse.core.internal.events.AutoBuildJob.run(AutoBuildJob.java:309)
	at org.eclipse.core.internal.jobs.Worker.run(Worker.java:63)
